<?xml version="1.0" encoding="UTF-8"?>
<!-- Generated by org.testng.reporters.JUnitXMLReporter -->
<testsuite hostname="Abdul" ignored="1" tests="2" failures="0" timestamp="05 Sep 2018 11:40:52 GMT" time="0.047" errors="0">
  <testcase name="testCaseEnabling" time="0.016" classname="SkipExample"/>
  <testcase name="testCaseSkipExceptionnn" time="0.0" classname="SkipExample"/>
  <testcase name="testCaseSkipException" time="0.0" classname="SkipExample">
    <ignored/>
  </testcase> <!-- testCaseSkipException -->
</testsuite>
