<?xml version="1.0" encoding="UTF-8"?>
<testng-results skipped="0" failed="0" ignored="0" total="1" passed="1">
  <reporter-output>
  </reporter-output>
  <suite name="Suite" duration-ms="25021" started-at="2018-08-31T06:06:10Z" finished-at="2018-08-31T06:06:35Z">
    <groups>
    </groups>
    <test name="Test" duration-ms="25021" started-at="2018-08-31T06:06:10Z" finished-at="2018-08-31T06:06:35Z">
      <class name="First">
        <test-method status="PASS" signature="ak()[pri:0, instance:First@548e7350]" name="ak" duration-ms="24991" started-at="2018-08-31T06:06:10Z" finished-at="2018-08-31T06:06:35Z">
          <reporter-output>
          </reporter-output>
        </test-method> <!-- ak -->
      </class> <!-- First -->
    </test> <!-- Test -->
  </suite> <!-- Suite -->
</testng-results>
