<?xml version="1.0" encoding="UTF-8"?>
<testng-results skipped="0" failed="0" ignored="0" total="1" passed="1">
  <reporter-output>
  </reporter-output>
  <suite name="Default suite" duration-ms="16001" started-at="2018-09-06T12:18:05Z" finished-at="2018-09-06T12:18:21Z">
    <groups>
    </groups>
    <test name="Default test" duration-ms="16001" started-at="2018-09-06T12:18:05Z" finished-at="2018-09-06T12:18:21Z">
      <class name="FB">
        <test-method status="PASS" signature="start()[pri:0, instance:FB@5b799640]" name="start" is-config="true" duration-ms="7095" started-at="2018-09-06T12:18:05Z" finished-at="2018-09-06T12:18:12Z">
          <reporter-output>
          </reporter-output>
        </test-method> <!-- start -->
        <test-method status="PASS" signature="fb()[pri:0, instance:FB@5b799640]" name="fb" duration-ms="7918" started-at="2018-09-06T12:18:12Z" finished-at="2018-09-06T12:18:20Z">
          <reporter-output>
          </reporter-output>
        </test-method> <!-- fb -->
        <test-method status="PASS" signature="quit()[pri:0, instance:FB@5b799640]" name="quit" is-config="true" duration-ms="960" started-at="2018-09-06T12:18:20Z" finished-at="2018-09-06T12:18:21Z">
          <reporter-output>
          </reporter-output>
        </test-method> <!-- quit -->
      </class> <!-- FB -->
    </test> <!-- Default test -->
  </suite> <!-- Default suite -->
</testng-results>
